Build started 19-01-2012 01:53:28.
     1>Project "C:\ProjectoFinal\XADREZ1.1\Lab07 - Modelos.vcxproj" on node 2 (build target(s)).
     1>InitializeBuildStatus:
         Creating "Debug\Xadrez.unsuccessfulbuild" because "AlwaysCreate" was specified.
       ClCompile:
         C:\Program Files (x86)\Microsoft Visual Studio 10.0\VC\bin\CL.exe /c /I"C:\glut-3.7.6-bin" /ZI /nologo /W3 /WX- /Od /Oy- /D WIN32 /D _DEBUG /D _CONSOLE /D _UNICODE /D UNICODE /Gm /EHsc /RTC1 /MDd /GS /fp:precise /Zc:wchar_t /Zc:forScope /Fo"Debug\\" /Fd"Debug\vc100.pdb" /Gd /TP /analyze- /errorReport:prompt Bispo.cpp Cavalo.cpp CuboComText.cpp LibGL.cpp Peao.cpp Peca.cpp Rainha.cpp Rei.cpp Sound.cpp stdafx.cpp Tabuleiro.cpp Torre.cpp Vazio.cpp VBispo.cpp VCavalo.cpp Cilindro.cpp ComplexObject3D.cpp Cubo.cpp Esfera.cpp Object3D.cpp VPeao.cpp Program.cpp VRainha.cpp VRei.cpp Scene.cpp SimpleObject3D.cpp VTabuleiro.cpp VTorre.cpp VVazio.cpp
         VVazio.cpp
     1>c:\projectofinal\xadrez1.1\object3d.h(5): warning C4005: 'PI' : macro redefinition
                 c:\projectofinal\xadrez1.1\libgl.h(14) : see previous definition of 'PI'
         VTorre.cpp
     1>c:\projectofinal\xadrez1.1\object3d.h(5): warning C4005: 'PI' : macro redefinition
                 c:\projectofinal\xadrez1.1\libgl.h(14) : see previous definition of 'PI'
         VTabuleiro.cpp
     1>c:\projectofinal\xadrez1.1\object3d.h(5): warning C4005: 'PI' : macro redefinition
                 c:\projectofinal\xadrez1.1\libgl.h(14) : see previous definition of 'PI'
         SimpleObject3D.cpp
     1>c:\projectofinal\xadrez1.1\object3d.h(5): warning C4005: 'PI' : macro redefinition
                 c:\projectofinal\xadrez1.1\libgl.h(14) : see previous definition of 'PI'
         Scene.cpp
     1>c:\projectofinal\xadrez1.1\object3d.h(5): warning C4005: 'PI' : macro redefinition
                 c:\projectofinal\xadrez1.1\libgl.h(14) : see previous definition of 'PI'
     1>c:\projectofinal\xadrez1.1\scene.h(7): warning C4005: 'PI' : macro redefinition
                 c:\projectofinal\xadrez1.1\object3d.h(5) : see previous definition of 'PI'
         VRei.cpp
     1>c:\projectofinal\xadrez1.1\object3d.h(5): warning C4005: 'PI' : macro redefinition
                 c:\projectofinal\xadrez1.1\libgl.h(14) : see previous definition of 'PI'
         VRainha.cpp
     1>c:\projectofinal\xadrez1.1\object3d.h(5): warning C4005: 'PI' : macro redefinition
                 c:\projectofinal\xadrez1.1\libgl.h(14) : see previous definition of 'PI'
         Program.cpp
     1>c:\projectofinal\xadrez1.1\object3d.h(5): warning C4005: 'PI' : macro redefinition
                 c:\projectofinal\xadrez1.1\libgl.h(14) : see previous definition of 'PI'
     1>c:\projectofinal\xadrez1.1\scene.h(7): warning C4005: 'PI' : macro redefinition
                 c:\projectofinal\xadrez1.1\object3d.h(5) : see previous definition of 'PI'
         VPeao.cpp
     1>c:\projectofinal\xadrez1.1\object3d.h(5): warning C4005: 'PI' : macro redefinition
                 c:\projectofinal\xadrez1.1\libgl.h(14) : see previous definition of 'PI'
         Object3D.cpp
     1>c:\projectofinal\xadrez1.1\object3d.h(5): warning C4005: 'PI' : macro redefinition
                 c:\projectofinal\xadrez1.1\libgl.h(14) : see previous definition of 'PI'
         Esfera.cpp
     1>c:\projectofinal\xadrez1.1\object3d.h(5): warning C4005: 'PI' : macro redefinition
                 c:\projectofinal\xadrez1.1\libgl.h(14) : see previous definition of 'PI'
         Cubo.cpp
     1>c:\projectofinal\xadrez1.1\object3d.h(5): warning C4005: 'PI' : macro redefinition
                 c:\projectofinal\xadrez1.1\libgl.h(14) : see previous definition of 'PI'
         ComplexObject3D.cpp
     1>c:\projectofinal\xadrez1.1\object3d.h(5): warning C4005: 'PI' : macro redefinition
                 c:\projectofinal\xadrez1.1\libgl.h(14) : see previous definition of 'PI'
         Cilindro.cpp
     1>c:\projectofinal\xadrez1.1\object3d.h(5): warning C4005: 'PI' : macro redefinition
                 c:\projectofinal\xadrez1.1\libgl.h(14) : see previous definition of 'PI'
         VCavalo.cpp
     1>c:\projectofinal\xadrez1.1\object3d.h(5): warning C4005: 'PI' : macro redefinition
                 c:\projectofinal\xadrez1.1\libgl.h(14) : see previous definition of 'PI'
         VBispo.cpp
     1>c:\projectofinal\xadrez1.1\object3d.h(5): warning C4005: 'PI' : macro redefinition
                 c:\projectofinal\xadrez1.1\libgl.h(14) : see previous definition of 'PI'
         Vazio.cpp
         Torre.cpp
         Tabuleiro.cpp
         stdafx.cpp
         Generating Code...
         Compiling...
         Sound.cpp
     1>c:\projectofinal\xadrez1.1\sound.cpp(61): warning C4996: 'alutLoadWAVFile': was declared deprecated
                 c:\program files (x86)\microsoft visual studio 10.0\vc\include\al\alut.h(113) : see declaration of 'alutLoadWAVFile'
     1>c:\projectofinal\xadrez1.1\sound.cpp(63): warning C4996: 'alutUnloadWAV': was declared deprecated
                 c:\program files (x86)\microsoft visual studio 10.0\vc\include\al\alut.h(116) : see declaration of 'alutUnloadWAV'
     1>c:\projectofinal\xadrez1.1\sound.cpp(102): warning C4996: 'alutLoadWAVFile': was declared deprecated
                 c:\program files (x86)\microsoft visual studio 10.0\vc\include\al\alut.h(113) : see declaration of 'alutLoadWAVFile'
     1>c:\projectofinal\xadrez1.1\sound.cpp(104): warning C4996: 'alutUnloadWAV': was declared deprecated
                 c:\program files (x86)\microsoft visual studio 10.0\vc\include\al\alut.h(116) : see declaration of 'alutUnloadWAV'
         Rei.cpp
         Rainha.cpp
         Peca.cpp
         Peao.cpp
         LibGL.cpp
     1>c:\projectofinal\xadrez1.1\libgl.cpp(59): warning C4996: '_open': This function or variable may be unsafe. Consider using _sopen_s instead. To disable deprecation, use _CRT_SECURE_NO_WARNINGS. See online help for details.
                 c:\program files (x86)\microsoft visual studio 10.0\vc\include\io.h(240) : see declaration of '_open'
         CuboComText.cpp
     1>c:\projectofinal\xadrez1.1\object3d.h(5): warning C4005: 'PI' : macro redefinition
                 c:\projectofinal\xadrez1.1\libgl.h(14) : see previous definition of 'PI'
         Cavalo.cpp
         Bispo.cpp
         Generating Code...
       ManifestResourceCompile:
         C:\Program Files (x86)\Microsoft SDKs\Windows\v7.0A\bin\rc.exe /nologo /fo"Debug\Xadrez.exe.embed.manifest.res" Debug\Xadrez_manifest.rc 
       Link:
         C:\Program Files (x86)\Microsoft Visual Studio 10.0\VC\bin\link.exe /ERRORREPORT:PROMPT /OUT:"C:\ProjectoFinal\XADREZ1.1\Debug\Xadrez.exe" /INCREMENTAL /NOLOGO /LIBPATH:"C:\glut-3.7.6-bin" glut32.lib OpenAL32.lib "EFX-Util.lib" alut.lib kernel32.lib user32.lib gdi32.lib winspool.lib comdlg32.lib advapi32.lib shell32.lib ole32.lib oleaut32.lib uuid.lib odbc32.lib odbccp32.lib /MANIFEST /ManifestFile:"Debug\Xadrez.exe.intermediate.manifest" /MANIFESTUAC:"level='asInvoker' uiAccess='false'" /DEBUG /PDB:"C:\ProjectoFinal\XADREZ1.1\Debug\Xadrez.pdb" /SUBSYSTEM:CONSOLE /TLBID:1 /DYNAMICBASE /NXCOMPAT /IMPLIB:"C:\ProjectoFinal\XADREZ1.1\Debug\Xadrez.lib" /MACHINE:X86 Debug\Xadrez.exe.embed.manifest.res
         Debug\Bispo.obj
         Debug\Cavalo.obj
         Debug\CuboComText.obj
         Debug\LibGL.obj
         Debug\Peao.obj
         Debug\Peca.obj
         Debug\Rainha.obj
         Debug\Rei.obj
         Debug\Sound.obj
         Debug\stdafx.obj
         Debug\Tabuleiro.obj
         Debug\Torre.obj
         Debug\Vazio.obj
         Debug\VBispo.obj
         Debug\VCavalo.obj
         Debug\Cilindro.obj
         Debug\ComplexObject3D.obj
         Debug\Cubo.obj
         Debug\Esfera.obj
         Debug\Object3D.obj
         Debug\VPeao.obj
         Debug\Program.obj
         Debug\VRainha.obj
         Debug\VRei.obj
         Debug\Scene.obj
         Debug\SimpleObject3D.obj
         Debug\VTabuleiro.obj
         Debug\VTorre.obj
         Debug\VVazio.obj
       Manifest:
         C:\Program Files (x86)\Microsoft SDKs\Windows\v7.0A\bin\mt.exe /nologo /verbose /out:"Debug\Xadrez.exe.embed.manifest" /manifest Debug\Xadrez.exe.intermediate.manifest
         C:\Program Files (x86)\Microsoft SDKs\Windows\v7.0A\bin\rc.exe /nologo /fo"Debug\Xadrez.exe.embed.manifest.res" Debug\Xadrez_manifest.rc 
       LinkEmbedManifest:
         C:\Program Files (x86)\Microsoft Visual Studio 10.0\VC\bin\link.exe /ERRORREPORT:PROMPT /OUT:"C:\ProjectoFinal\XADREZ1.1\Debug\Xadrez.exe" /INCREMENTAL /NOLOGO /LIBPATH:"C:\glut-3.7.6-bin" glut32.lib OpenAL32.lib "EFX-Util.lib" alut.lib kernel32.lib user32.lib gdi32.lib winspool.lib comdlg32.lib advapi32.lib shell32.lib ole32.lib oleaut32.lib uuid.lib odbc32.lib odbccp32.lib /MANIFEST /ManifestFile:"Debug\Xadrez.exe.intermediate.manifest" /MANIFESTUAC:"level='asInvoker' uiAccess='false'" /DEBUG /PDB:"C:\ProjectoFinal\XADREZ1.1\Debug\Xadrez.pdb" /SUBSYSTEM:CONSOLE /TLBID:1 /DYNAMICBASE /NXCOMPAT /IMPLIB:"C:\ProjectoFinal\XADREZ1.1\Debug\Xadrez.lib" /MACHINE:X86 Debug\Xadrez.exe.embed.manifest.res
         Debug\Bispo.obj
         Debug\Cavalo.obj
         Debug\CuboComText.obj
         Debug\LibGL.obj
         Debug\Peao.obj
         Debug\Peca.obj
         Debug\Rainha.obj
         Debug\Rei.obj
         Debug\Sound.obj
         Debug\stdafx.obj
         Debug\Tabuleiro.obj
         Debug\Torre.obj
         Debug\Vazio.obj
         Debug\VBispo.obj
         Debug\VCavalo.obj
         Debug\Cilindro.obj
         Debug\ComplexObject3D.obj
         Debug\Cubo.obj
         Debug\Esfera.obj
         Debug\Object3D.obj
         Debug\VPeao.obj
         Debug\Program.obj
         Debug\VRainha.obj
         Debug\VRei.obj
         Debug\Scene.obj
         Debug\SimpleObject3D.obj
         Debug\VTabuleiro.obj
         Debug\VTorre.obj
         Debug\VVazio.obj
         Lab07 - Modelos.vcxproj -> C:\ProjectoFinal\XADREZ1.1\Debug\Xadrez.exe
       FinalizeBuildStatus:
         Deleting file "Debug\Xadrez.unsuccessfulbuild".
         Touching "Debug\Xadrez.lastbuildstate".
     1>Done Building Project "C:\ProjectoFinal\XADREZ1.1\Lab07 - Modelos.vcxproj" (build target(s)).

Build succeeded.

Time Elapsed 00:00:26.86
